<?xml version="1.0" encoding="utf-8"?><testsuites name="pytest tests"><testsuite name="pytest" errors="0" failures="0" skipped="0" tests="12" time="7.079" timestamp="2026-09-24T19:06:03.466391+00:00" hostname="agent-env-257ca43c-4b23-43e0-b387-6edd882c38f4"><testcase classname="tests.test_new_features.TestGolden" name="test_status_shape" time="0.931" /><testcase classname="tests.test_new_features.TestSpark" name="test_initial_balance_50" time="0.977" /><testcase classname="tests.test_new_features.TestGolden" name="test_post_has_golden_flag" time="0.125" /><testcase classname="tests.test_new_features.TestGolden" name="test_golden_feed_endpoint" time="0.201" /><testcase classname="tests.test_new_features.TestSpark" name="test_claim_daily_gives_10_once" time="1.040" /><testcase classname="tests.test_new_features.TestInnerCircle" name="test_add_requires_friendship" time="0.457" /><testcase classname="tests.test_new_features.TestSpark" name="test_spark_post_flow" time="1.021" /><testcase classname="tests.test_new_features.TestInnerCircle" name="test_add_get_delete" time="1.131" /><testcase classname="tests.test_new_features.TestVoiceStories" name="test_voice_story_stored" time="0.259" /><testcase classname="tests.test_new_features.TestInnerPosts" name="test_inner_post_visibility" time="0.932" /><testcase classname="tests.test_new_features.TestAICaptions" name="test_captions_returns_3_to_4" time="2.916" /><testcase classname="tests.test_new_features.TestVoiceStories" name="test_inner_story_hidden_from_non_inner" time="2.674" /></testsuite></testsuites>