<?xml version="1.0" encoding="utf-8"?><testsuites name="pytest tests"><testsuite name="pytest" errors="0" failures="0" skipped="0" tests="45" time="13.480" timestamp="2026-09-24T19:06:14.686539+00:00" hostname="agent-env-257ca43c-4b23-43e0-b387-6edd882c38f4"><testcase classname="tests.test_glint_api.TestAuth" name="test_register_and_verify_flow" time="0.579" /><testcase classname="tests.test_glint_api.TestAuth" name="test_register_terms_short_username" time="0.081" /><testcase classname="tests.test_glint_api.TestAuth" name="test_register_short_password" time="0.147" /><testcase classname="tests.test_glint_api.TestPosts" name="test_create_text_post_and_feed" time="1.104" /><testcase classname="tests.test_glint_api.TestAuth" name="test_verify_otp_wrong_code" time="0.383" /><testcase classname="tests.test_glint_api.TestPosts" name="test_react_and_save_and_hide" time="1.791" /><testcase classname="tests.test_glint_api.TestAuth" name="test_login_success" time="0.764" /><testcase classname="tests.test_glint_api.TestAuth" name="test_login_wrong_password" time="0.280" /><testcase classname="tests.test_glint_api.TestAuth" name="test_forgot_and_reset" time="0.652" /><testcase classname="tests.test_glint_api.TestAdmin" name="test_admin_login_wrong" time="0.076" /><testcase classname="tests.test_glint_api.TestPosts" name="test_poll_and_vote" time="0.168" /><testcase classname="tests.test_glint_api.TestAdmin" name="test_stats" time="0.156" /><testcase classname="tests.test_glint_api.TestPosts" name="test_poll_needs_2_options" time="0.086" /><testcase classname="tests.test_glint_api.TestAdmin" name="test_tickets_and_resolve" time="0.367" /><testcase classname="tests.test_glint_api.TestPosts" name="test_comments" time="0.274" /><testcase classname="tests.test_glint_api.TestPosts" name="test_delete_post_only_owner" time="0.497" /><testcase classname="tests.test_glint_api.TestAdmin" name="test_verifications_approve" time="0.585" /><testcase classname="tests.test_glint_api.TestPosts" name="test_report" time="0.173" /><testcase classname="tests.test_glint_api.TestAdmin" name="test_broadcast_and_force_update_and_config" time="0.232" /><testcase classname="tests.test_glint_api.TestUsers" name="test_get_me" time="0.087" /><testcase classname="tests.test_glint_api.TestUsers" name="test_update_me" time="0.169" /><testcase classname="tests.test_glint_api.TestAdmin" name="test_users_search_and_suspend" time="0.075" /><testcase classname="tests.test_glint_api.TestUsers" name="test_get_user_by_username" time="0.085" /><testcase classname="tests.test_glint_api.TestAdmin" name="test_admin_requires_admin" time="0.069" /><testcase classname="tests.test_glint_api.TestUsers" name="test_search" time="0.110" /><testcase classname="tests.test_glint_api.TestUsers" name="test_unauthenticated" time="0.101" /><testcase classname="tests.test_new_features.TestGolden" name="test_status_shape" time="0.721" /><testcase classname="tests.test_new_features.TestSpark" name="test_initial_balance_50" time="0.589" /><testcase classname="tests.test_new_features.TestGolden" name="test_post_has_golden_flag" time="0.079" /><testcase classname="tests.test_new_features.TestGolden" name="test_golden_feed_endpoint" time="0.274" /><testcase classname="tests.test_new_features.TestSpark" name="test_claim_daily_gives_10_once" time="0.721" /><testcase classname="tests.test_new_features.TestSpark" name="test_spark_post_flow" time="1.730" /><testcase classname="tests.test_glint_api.TestFriends" name="test_request_accept_flow" time="1.249" /><testcase classname="tests.test_glint_api.TestFriends" name="test_suggestions" time="0.079" /><testcase classname="tests.test_new_features.TestInnerCircle" name="test_add_requires_friendship" time="0.879" /><testcase classname="tests.test_new_features.TestInnerCircle" name="test_add_get_delete" time="1.125" /><testcase classname="tests.test_glint_api.TestChat" name="test_send_and_list" time="1.478" /><testcase classname="tests.test_new_features.TestVoiceStories" name="test_voice_story_stored" time="0.149" /><testcase classname="tests.test_glint_api.TestChat" name="test_mute_and_heartbeat" time="0.357" /><testcase classname="tests.test_new_features.TestVoiceStories" name="test_inner_story_hidden_from_non_inner" time="0.531" /><testcase classname="tests.test_glint_api.TestStories" name="test_create_and_feed" time="0.564" /><testcase classname="tests.test_glint_api.TestVerification" name="test_submit_and_me" time="0.644" /><testcase classname="tests.test_glint_api.TestTickets" name="test_create_and_list" time="0.334" /><testcase classname="tests.test_new_features.TestInnerPosts" name="test_inner_post_visibility" time="1.870" /><testcase classname="tests.test_new_features.TestAICaptions" name="test_captions_returns_3_to_4" time="1.115" /></testsuite></testsuites>