<?xml version="1.0" encoding="utf-8"?><testsuites name="pytest tests"><testsuite name="pytest" errors="0" failures="0" skipped="0" tests="33" time="6.124" timestamp="2026-09-24T18:03:00.858761+00:00" hostname="agent-env-257ca43c-4b23-43e0-b387-6edd882c38f4"><testcase classname="tests.test_glint_api.TestAuth" name="test_register_and_verify_flow" time="0.825" /><testcase classname="tests.test_glint_api.TestAuth" name="test_register_terms_short_username" time="0.080" /><testcase classname="tests.test_glint_api.TestPosts" name="test_create_text_post_and_feed" time="1.088" /><testcase classname="tests.test_glint_api.TestAuth" name="test_register_short_password" time="0.151" /><testcase classname="tests.test_glint_api.TestAuth" name="test_verify_otp_wrong_code" time="0.481" /><testcase classname="tests.test_glint_api.TestPosts" name="test_react_and_save_and_hide" time="1.476" /><testcase classname="tests.test_glint_api.TestAuth" name="test_login_success" time="0.638" /><testcase classname="tests.test_glint_api.TestAuth" name="test_login_wrong_password" time="0.278" /><testcase classname="tests.test_glint_api.TestAuth" name="test_forgot_and_reset" time="0.622" /><testcase classname="tests.test_glint_api.TestPosts" name="test_poll_and_vote" time="0.517" /><testcase classname="tests.test_glint_api.TestAdmin" name="test_admin_login_wrong" time="0.075" /><testcase classname="tests.test_glint_api.TestPosts" name="test_poll_needs_2_options" time="0.078" /><testcase classname="tests.test_glint_api.TestPosts" name="test_comments" time="0.303" /><testcase classname="tests.test_glint_api.TestAdmin" name="test_stats" time="0.128" /><testcase classname="tests.test_glint_api.TestAdmin" name="test_tickets_and_resolve" time="0.397" /><testcase classname="tests.test_glint_api.TestPosts" name="test_delete_post_only_owner" time="0.495" /><testcase classname="tests.test_glint_api.TestPosts" name="test_report" time="0.165" /><testcase classname="tests.test_glint_api.TestAdmin" name="test_verifications_approve" time="0.494" /><testcase classname="tests.test_glint_api.TestUsers" name="test_get_me" time="0.115" /><testcase classname="tests.test_glint_api.TestAdmin" name="test_broadcast_and_force_update_and_config" time="0.320" /><testcase classname="tests.test_glint_api.TestUsers" name="test_update_me" time="0.196" /><testcase classname="tests.test_glint_api.TestUsers" name="test_get_user_by_username" time="0.077" /><testcase classname="tests.test_glint_api.TestAdmin" name="test_users_search_and_suspend" time="0.108" /><testcase classname="tests.test_glint_api.TestUsers" name="test_search" time="0.075" /><testcase classname="tests.test_glint_api.TestUsers" name="test_unauthenticated" time="0.071" /><testcase classname="tests.test_glint_api.TestAdmin" name="test_admin_requires_admin" time="0.080" /><testcase classname="tests.test_glint_api.TestChat" name="test_send_and_list" time="0.277" /><testcase classname="tests.test_glint_api.TestFriends" name="test_request_accept_flow" time="0.387" /><testcase classname="tests.test_glint_api.TestChat" name="test_mute_and_heartbeat" time="0.264" /><testcase classname="tests.test_glint_api.TestFriends" name="test_suggestions" time="0.134" /><testcase classname="tests.test_glint_api.TestStories" name="test_create_and_feed" time="0.328" /><testcase classname="tests.test_glint_api.TestVerification" name="test_submit_and_me" time="0.162" /><testcase classname="tests.test_glint_api.TestTickets" name="test_create_and_list" time="0.162" /></testsuite></testsuites>