<?xml version="1.0" encoding="utf-8"?><testsuites name="pytest tests"><testsuite name="pytest" errors="0" failures="0" skipped="0" tests="13" time="2.564" timestamp="2026-09-25T20:00:19.387767+00:00" hostname="agent-env-257ca43c-4b23-43e0-b387-6edd882c38f4"><testcase classname="tests.test_media_uploads.TestUploadConsumers" name="test_edit_profile_avatar_upload_and_persist" time="0.995" /><testcase classname="tests.test_media_uploads.TestUploadEndpoint" name="test_upload_image_success" time="0.944" /><testcase classname="tests.test_media_uploads.TestUploadEndpoint" name="test_uploaded_file_is_servable_with_token" time="0.379" /><testcase classname="tests.test_media_uploads.TestUploadConsumers" name="test_photo_post_appears_in_feed" time="0.197" /><testcase classname="tests.test_media_uploads.TestUploadConsumers" name="test_photo_story_created" time="0.161" /><testcase classname="tests.test_media_uploads.TestUploadEndpoint" name="test_file_fetch_without_token_rejected" time="0.066" /><testcase classname="tests.test_media_uploads.TestUploadEndpoint" name="test_upload_requires_auth" time="0.265" /><testcase classname="tests.test_media_uploads.TestUploadConsumers" name="test_chat_photo_message" time="0.553" /><testcase classname="tests.test_media_uploads.TestUploadEndpoint" name="test_upload_without_file_field_422" time="0.074" /><testcase classname="tests.test_media_uploads.TestRegressionBasics" name="test_text_post_still_works" time="0.082" /><testcase classname="tests.test_media_uploads.TestRegressionBasics" name="test_feed_renders" time="0.095" /><testcase classname="tests.test_media_uploads.TestUploadConsumers" name="test_help_ticket_with_screenshot" time="0.171" /><testcase classname="tests.test_media_uploads.TestUploadConsumers" name="test_verification_document_upload" time="0.170" /></testsuite></testsuites>