<?xml version="1.0" encoding="utf-8"?><testsuites name="pytest tests"><testsuite name="pytest" errors="0" failures="0" skipped="0" tests="13" time="22.233" timestamp="2026-09-25T20:09:47.182845+00:00" hostname="agent-env-257ca43c-4b23-43e0-b387-6edd882c38f4"><testcase classname="tests.test_media_uploads.TestUploadEndpoint" name="test_upload_image_success" time="1.118" /><testcase classname="tests.test_media_uploads.TestUploadEndpoint" name="test_uploaded_file_is_servable_with_token" time="0.248" /><testcase classname="tests.test_media_uploads.TestUploadEndpoint" name="test_file_fetch_without_token_rejected" time="0.087" /><testcase classname="tests.test_media_uploads.TestUploadEndpoint" name="test_upload_requires_auth" time="0.155" /><testcase classname="tests.test_media_uploads.TestUploadEndpoint" name="test_upload_without_file_field_422" time="0.084" /><testcase classname="tests.test_media_uploads.TestRegressionBasics" name="test_text_post_still_works" time="0.093" /><testcase classname="tests.test_media_uploads.TestRegressionBasics" name="test_feed_renders" time="0.110" /><testcase classname="tests.test_media_uploads.TestUploadConsumers" name="test_edit_profile_avatar_upload_and_persist" time="20.728" /><testcase classname="tests.test_media_uploads.TestUploadConsumers" name="test_photo_post_appears_in_feed" time="0.206" /><testcase classname="tests.test_media_uploads.TestUploadConsumers" name="test_photo_story_created" time="0.170" /><testcase classname="tests.test_media_uploads.TestUploadConsumers" name="test_chat_photo_message" time="0.496" /><testcase classname="tests.test_media_uploads.TestUploadConsumers" name="test_help_ticket_with_screenshot" time="0.152" /><testcase classname="tests.test_media_uploads.TestUploadConsumers" name="test_verification_document_upload" time="0.175" /></testsuite></testsuites>